\BOOKMARK [0][-]{chapter*.2}{Summary}{}% 1
\BOOKMARK [0][-]{chapter*.3}{Samenvatting}{}% 2
\BOOKMARK [0][-]{chapter*.4}{Preface}{}% 3
\BOOKMARK [0][-]{chapter.1}{Introduction}{}% 4
\BOOKMARK [1][-]{section.1.1}{The Josephson Field Effect Transistor}{chapter.1}% 5
\BOOKMARK [0][-]{chapter.2}{Theory}{}% 6
\BOOKMARK [1][-]{section.2.1}{Josephson junction types}{chapter.2}% 7
\BOOKMARK [2][-]{subsection.2.1.1}{SIS junctions: 0}{section.2.1}% 8
\BOOKMARK [2][-]{subsection.2.1.2}{ScS}{section.2.1}% 9
\BOOKMARK [2][-]{subsection.2.1.3}{SNS}{section.2.1}% 10
\BOOKMARK [2][-]{subsection.2.1.4}{Voltage bias}{section.2.1}% 11
\BOOKMARK [1][-]{section.2.2}{Induced superconductivity in graphene}{chapter.2}% 12
\BOOKMARK [2][-]{subsection.2.2.1}{Current phase relation in gJJ}{section.2.2}% 13
\BOOKMARK [2][-]{subsection.2.2.2}{Subgap structure}{section.2.2}% 14
\BOOKMARK [2][-]{subsection.2.2.3}{Critical current and suppression mechanisms}{section.2.2}% 15
\BOOKMARK [2][-]{subsection.2.2.4}{Effect of temperature}{section.2.2}% 16
\BOOKMARK [1][-]{section.2.3}{Coplanar waveguide resonators}{chapter.2}% 17
\BOOKMARK [2][-]{subsection.2.3.1}{Transmission line theory}{section.2.3}% 18
\BOOKMARK [2][-]{subsection.2.3.2}{Lumped-element circuit model}{section.2.3}% 19
\BOOKMARK [2][-]{subsection.2.3.3}{The lossless line}{section.2.3}% 20
\BOOKMARK [2][-]{subsection.2.3.4}{The terminated lossless transmission line}{section.2.3}% 21
\BOOKMARK [1][-]{section.2.4}{Coplanar waveguides}{chapter.2}% 22
\BOOKMARK [1][-]{section.2.5}{Kinetic inductance}{chapter.2}% 23
\BOOKMARK [2][-]{subsection.2.5.1}{Current bias cavities, or series RLC circuit capacitively coupled to one side of a transmission line}{section.2.5}% 24
\BOOKMARK [1][-]{section.2.6}{Measurement setup}{chapter.2}% 25
\BOOKMARK [2][-]{subsection.2.6.1}{Electronic noise}{section.2.6}% 26
\BOOKMARK [2][-]{subsection.2.6.2}{Fridge layout}{section.2.6}% 27
\BOOKMARK [0][-]{chapter.3}{Fabrication}{}% 28
\BOOKMARK [1][-]{section.3.1}{The art of making encapsulated graphene devices}{chapter.3}% 29
\BOOKMARK [1][-]{section.3.2}{Fabrication of current bias cavities}{chapter.3}% 30
\BOOKMARK [1][-]{section.3.3}{MoRe DNA growth}{chapter.3}% 31
\BOOKMARK [0][-]{chapter.4}{A ballistic graphene superconducting microwave circuit}{}% 32
\BOOKMARK [1][-]{section.4.1}{Introduction}{chapter.4}% 33
\BOOKMARK [1][-]{section.4.2}{Results}{chapter.4}% 34
\BOOKMARK [2][-]{subsection.4.2.1}{Circuit description}{section.4.2}% 35
\BOOKMARK [2][-]{subsection.4.2.2}{DC characterization}{section.4.2}% 36
\BOOKMARK [2][-]{subsection.4.2.3}{Microwave characterization}{section.4.2}% 37
\BOOKMARK [2][-]{subsection.4.2.4}{Josephson inductance of the gJJ}{section.4.2}% 38
\BOOKMARK [2][-]{subsection.4.2.5}{Microwave losses in the gJJ}{section.4.2}% 39
\BOOKMARK [1][-]{section.4.3}{Discussion}{chapter.4}% 40
\BOOKMARK [1][-]{section.4.4}{Supplementary Information}{chapter.4}% 41
\BOOKMARK [2][-]{subsection.4.4.1}{Fitting routine for extracting the resonance frequency}{section.4.4}% 42
\BOOKMARK [2][-]{subsection.4.4.2}{Extraction of parameters from microwave measurements}{section.4.4}% 43
\BOOKMARK [2][-]{subsection.4.4.3}{Feasibility of a Graphene JJ transmon qubit}{section.4.4}% 44
\BOOKMARK [2][-]{subsection.4.4.4}{Design scenario A \205 Measured graphene junction in fixed frequency transmon}{section.4.4}% 45
\BOOKMARK [2][-]{subsection.4.4.5}{Design Scenario B \205 Adjusted width graphene junction in fixed frequency and anharmonicity transmon}{section.4.4}% 46
\BOOKMARK [2][-]{subsection.4.4.6}{Hysteresis of the junction switching current}{section.4.4}% 47
\BOOKMARK [2][-]{subsection.4.4.7}{Simulation of sub-gap density of states}{section.4.4}% 48
\BOOKMARK [0][-]{chapter.5}{DC and RF Josephson inductance of aluminum constriction junctions}{}% 49
\BOOKMARK [1][-]{section.5.1}{Document Structure}{chapter.5}% 50
\BOOKMARK [0][-]{chapter.6}{Direct current detection using Josephson junction microwave cavities}{}% 51
\BOOKMARK [1][-]{section.6.1}{Document Structure}{chapter.6}% 52
\BOOKMARK [0][-]{chapter.7}{Conclusion}{}% 53
\BOOKMARK [1][-]{section.7.1}{Future of graphene}{chapter.7}% 54
\BOOKMARK [1][-]{section.7.2}{Usefulness of current bias cavities}{chapter.7}% 55
\BOOKMARK [0][-]{chapter*.31}{Epilogue}{}% 56
\BOOKMARK [0][-]{chapter*.32}{Acknowledgements}{}% 57
\BOOKMARK [0][-]{appendix.A}{Electron beam lithography on the Raith EBPG 5000+ and 5200}{}% 58
\BOOKMARK [1][-]{section.A.1}{Automatic alignment}{appendix.A}% 59
\BOOKMARK [1][-]{section.A.2}{Height map}{appendix.A}% 60
\BOOKMARK [1][-]{section.A.3}{Stitching errors}{appendix.A}% 61
\BOOKMARK [0][-]{appendix.B}{Mathematical derivations}{}% 62
\BOOKMARK [1][-]{section.B.1}{Andreev bound states}{appendix.B}% 63
\BOOKMARK [0][-]{appendix*.33}{Curriculum Vit\346}{}% 64
\BOOKMARK [0][-]{appendix*.34}{List of Publications}{}% 65
