This is pdfTeX, Version 3.14159265-2.6-1.40.18 (TeX Live 2017/Debian) (preloaded format=pdflatex 2018.8.20)  5 OCT 2018 13:39
entering extended mode
 restricted \write18 enabled.
 %&-line parsing enabled.
**final_arxiv.tex
(/home/feschmidt/git/grapheneJJ/arxiv_final/final_arxiv.tex
LaTeX2e <2017-04-15>
Babel <3.18> and hyphenation patterns for 33 language(s) loaded.
(/usr/share/texlive/texmf-dist/tex/latex/revtex/revtex4-1.cls
Document Class: revtex4-1 2010/07/25/20:33:00 4.1r (http://publish.aps.org/revt
ex4/ for documentation)
 Copyright (c) 2009 The American Physical Society.
 mailto:revtex@aps.org
 Licensed under the LPPL:
http://www.ctan.org/tex-archive/macros/latex/base/lppl.txt
 Arthur Ogawa <arthur_ogawa at sbcglobal dot net>
 Based on work by David Carlisle <david at dcarlisle.demon.co.uk>.
ltxutil[2010/07/25/20:33:00 4.1r utilities package (portions licensed from W. E
. Baxter web at superscript.com)]
LaTeX Info: Redefining \@centercr on input line 308.
Class revtex4-1 Info: Repairing broken LaTeX eqnarray on input line 358.
\eqncolsep=\skip41
Class revtex4-1 Info: Repairing hyperref-unfriendly LaTeX definition of \mpfoot
note on input line 433.
Class revtex4-1 Info: Repairing broken LateX \@sect on input line 755.
\intertabularlinepenalty=\count79
\@tbpen=\count80
\@arstrutbox@hline=\box26
Class revtex4-1 Info: Repairing broken LaTeX \@xbitor on input line 1786.
Class revtex4-1 Info: Making \typeout \long on input line 2046.
ltxfront[2010/07/25/20:33:00 4.1r frontmatter package (AO,DPC)]
\c@affil=\count81
\c@collab=\count82
\absbox=\box27
ltxgrid[2010/07/25/20:33:00 4.1r page grid package (portions licensed from W. E
. Baxter web at superscript.com)]
\c@linecount=\count83
\output@latex=\toks14
\box@size@1=\box28
\box@size@2=\box29
\@protection@box=\box30
\@topmark@saved=\toks15
\footins@saved=\box31
\footins@recovered=\box32
\column@recovered=\box33
\pagesofar=\box34
\footsofar=\box35
\pagegrid@col=\count84
Class revtex4-1 Info: Overriding \@vspace, \@vspacer, \@no@pgbk, \@newline, and
 \\  on input line 5578.
\c@part=\count85
\c@section=\count86
\c@subsection=\count87
\c@subsubsection=\count88
\c@paragraph=\count89
\c@subparagraph=\count90
\abovecaptionskip=\skip42
\belowcaptionskip=\skip43
\c@figure=\count91
\fbox@1=\box36
\c@table=\count92
\fbox@2=\box37
\c@video=\count93
\fbox@4=\box38
\@bibdataout=\write3
\widetext@top=\box39
\widetext@bot=\box40
Class revtex4-1 Info: Selecting society aip on input line 7542.
(/usr/share/texlive/texmf-dist/tex/latex/revtex/aip4-1.rtx
File: aip4-1.rtx 2010/07/25 4.1r AIP substyle for REVTeX
Class revtex4-1 Info: RevTeX society AIP selected on input line 67.
)
Class revtex4-1 Info: Selecting journal apl on input line 7544.

Using journal substyle apl.
Class revtex4-1 Info: Reading file aps12pt4-1.rtx on input line 7547.
(/usr/share/texlive/texmf-dist/tex/latex/revtex/aps12pt4-1.rtx
File: aps12pt4-1 2010/07/25/20:33:00 4.1r (http://publish.aps.org/revtex4/ for 
documentation)
Class revtex4-1 Info: RevTeX pointsize 12pt selected on input line 30.
)
Class revtex4-1 Info: Overriding 12pt on input line 7547.

(/usr/share/texlive/texmf-dist/tex/latex/textcase/textcase.sty
Package: textcase 2004/10/07 v0.07 Text only upper/lower case changing (DPC)
)
(/usr/share/texlive/texmf-dist/tex/latex/amsfonts/amssymb.sty
Package: amssymb 2013/01/14 v3.01 AMS font symbols

(/usr/share/texlive/texmf-dist/tex/latex/amsfonts/amsfonts.sty
Package: amsfonts 2013/01/14 v3.01 Basic AMSFonts support
\@emptytoks=\toks16
\symAMSa=\mathgroup4
\symAMSb=\mathgroup5
LaTeX Font Info:    Overwriting math alphabet `\mathfrak' in version `bold'
(Font)                  U/euf/m/n --> U/euf/b/n on input line 106.
))
(/usr/share/texlive/texmf-dist/tex/latex/amsmath/amsmath.sty
Package: amsmath 2017/09/02 v2.17a AMS math features
\@mathmargin=\skip44

For additional information on amsmath, use the `?' option.
(/usr/share/texlive/texmf-dist/tex/latex/amsmath/amstext.sty
Package: amstext 2000/06/29 v2.01 AMS text

(/usr/share/texlive/texmf-dist/tex/latex/amsmath/amsgen.sty
File: amsgen.sty 1999/11/30 v2.0 generic functions
\@emptytoks=\toks17
\ex@=\dimen102
)
LaTeX Info: Redefining \text on input line 28.
)
(/usr/share/texlive/texmf-dist/tex/latex/amsmath/amsbsy.sty
Package: amsbsy 1999/11/29 v1.2d Bold Symbols
\pmbraise@=\dimen103
)
(/usr/share/texlive/texmf-dist/tex/latex/amsmath/amsopn.sty
Package: amsopn 2016/03/08 v2.02 operator names
)
\inf@bad=\count94
LaTeX Info: Redefining \frac on input line 213.
\uproot@=\count95
\leftroot@=\count96
LaTeX Info: Redefining \overline on input line 375.
\classnum@=\count97
\DOTSCASE@=\count98
LaTeX Info: Redefining \ldots on input line 472.
LaTeX Info: Redefining \dots on input line 475.
LaTeX Info: Redefining \cdots on input line 596.
\Mathstrutbox@=\box41
\strutbox@=\box42
\big@size=\dimen104
LaTeX Font Info:    Redeclaring font encoding OML on input line 712.
LaTeX Font Info:    Redeclaring font encoding OMS on input line 713.
\macc@depth=\count99
\c@MaxMatrixCols=\count100
\dotsspace@=\muskip10
\c@parentequation=\count101
\dspbrk@lvl=\count102
\tag@help=\toks18
\row@=\count103
\column@=\count104
\maxfields@=\count105
\andhelp@=\toks19
\eqnshift@=\dimen105
\alignsep@=\dimen106
\tagshift@=\dimen107
\tagwidth@=\dimen108
\totwidth@=\dimen109
\lineht@=\dimen110
\@envbody=\toks20
\multlinegap=\skip45
\multlinetaggap=\skip46
\mathdisplay@stack=\toks21
LaTeX Info: Redefining \[ on input line 2817.
LaTeX Info: Redefining \] on input line 2818.
)
(/usr/share/texlive/texmf-dist/tex/latex/url/url.sty
\Urlmuskip=\muskip11
Package: url 2013/09/16  ver 3.4  Verb mode for urls, etc.
)
(/usr/share/texlive/texmf-dist/tex/latex/natbib/natbib.sty
Package: natbib 2010/09/13 8.31b (PWD, AO)
\bibhang=\skip47
\bibsep=\skip48
LaTeX Info: Redefining \cite on input line 694.
\c@NAT@ctr=\count106
)
Class revtex4-1 Info: Repairing natbib's \BibitemShut on input line 7549.

(/usr/share/texlive/texmf-dist/tex/latex/revtex/revsymb4-1.sty
Package: revsymb4-1 2010/07/25/20:33:00 4.1r (http://publish.aps.org/revtex4/ f
or documentation)
LaTeX Info: Redefining \frak on input line 95.
LaTeX Info: Redefining \Bbb on input line 111.
LaTeX Info: Redefining \REV@mathfrak on input line 119.
))
(/usr/share/texlive/texmf-dist/tex/latex/graphics/graphicx.sty
Package: graphicx 2017/06/01 v1.1a Enhanced LaTeX Graphics (DPC,SPQR)

(/usr/share/texlive/texmf-dist/tex/latex/graphics/keyval.sty
Package: keyval 2014/10/28 v1.15 key=value parser (DPC)
\KV@toks@=\toks22
)
(/usr/share/texlive/texmf-dist/tex/latex/graphics/graphics.sty
Package: graphics 2017/06/25 v1.2c Standard LaTeX Graphics (DPC,SPQR)

(/usr/share/texlive/texmf-dist/tex/latex/graphics/trig.sty
Package: trig 2016/01/03 v1.10 sin cos tan (DPC)
)
(/usr/share/texlive/texmf-dist/tex/latex/graphics-cfg/graphics.cfg
File: graphics.cfg 2016/06/04 v1.11 sample graphics configuration
)
Package graphics Info: Driver file: pdftex.def on input line 99.

(/usr/share/texlive/texmf-dist/tex/latex/graphics-def/pdftex.def
File: pdftex.def 2018/01/08 v1.0l Graphics/color driver for pdftex
))
\Gin@req@height=\dimen111
\Gin@req@width=\dimen112
)
(/usr/share/texlive/texmf-dist/tex/latex/tools/dcolumn.sty
Package: dcolumn 2014/10/28 v1.06 decimal alignment package (DPC)

(/usr/share/texlive/texmf-dist/tex/latex/tools/array.sty
Package: array 2016/10/06 v2.4d Tabular extension package (FMi)
\col@sep=\dimen113
\extrarowheight=\dimen114
\NC@list=\toks23
\extratabsurround=\skip49
\backup@length=\skip50
))
(/usr/share/texlive/texmf-dist/tex/latex/tools/bm.sty
Package: bm 2017/01/16 v1.2c Bold Symbol Support (DPC/FMi)
\symboldoperators=\mathgroup6
\symboldletters=\mathgroup7
\symboldsymbols=\mathgroup8
LaTeX Font Info:    Redeclaring math alphabet \mathbf on input line 141.
LaTeX Info: Redefining \bm on input line 207.
)
(/usr/share/texlive/texmf-dist/tex/latex/hyperref/hyperref.sty
Package: hyperref 2018/02/06 v6.86b Hypertext links for LaTeX

(/usr/share/texlive/texmf-dist/tex/generic/oberdiek/hobsub-hyperref.sty
Package: hobsub-hyperref 2016/05/16 v1.14 Bundle oberdiek, subset hyperref (HO)


(/usr/share/texlive/texmf-dist/tex/generic/oberdiek/hobsub-generic.sty
Package: hobsub-generic 2016/05/16 v1.14 Bundle oberdiek, subset generic (HO)
Package: hobsub 2016/05/16 v1.14 Construct package bundles (HO)
Package: infwarerr 2016/05/16 v1.4 Providing info/warning/error messages (HO)
Package: ltxcmds 2016/05/16 v1.23 LaTeX kernel commands for general use (HO)
Package: ifluatex 2016/05/16 v1.4 Provides the ifluatex switch (HO)
Package ifluatex Info: LuaTeX not detected.
Package: ifvtex 2016/05/16 v1.6 Detect VTeX and its facilities (HO)
Package ifvtex Info: VTeX not detected.
Package: intcalc 2016/05/16 v1.2 Expandable calculations with integers (HO)
Package: ifpdf 2017/03/15 v3.2 Provides the ifpdf switch
Package: etexcmds 2016/05/16 v1.6 Avoid name clashes with e-TeX commands (HO)
Package etexcmds Info: Could not find \expanded.
(etexcmds)             That can mean that you are not using pdfTeX 1.50 or
(etexcmds)             that some package has redefined \expanded.
(etexcmds)             In the latter case, load this package earlier.
Package: kvsetkeys 2016/05/16 v1.17 Key value parser (HO)
Package: kvdefinekeys 2016/05/16 v1.4 Define keys (HO)
Package: pdftexcmds 2018/01/21 v0.26 Utility functions of pdfTeX for LuaTeX (HO
)
Package pdftexcmds Info: LuaTeX not detected.
Package pdftexcmds Info: \pdf@primitive is available.
Package pdftexcmds Info: \pdf@ifprimitive is available.
Package pdftexcmds Info: \pdfdraftmode found.
Package: pdfescape 2016/05/16 v1.14 Implements pdfTeX's escape features (HO)
Package: bigintcalc 2016/05/16 v1.4 Expandable calculations on big integers (HO
)
Package: bitset 2016/05/16 v1.2 Handle bit-vector datatype (HO)
Package: uniquecounter 2016/05/16 v1.3 Provide unlimited unique counter (HO)
)
Package hobsub Info: Skipping package `hobsub' (already loaded).
Package: letltxmacro 2016/05/16 v1.5 Let assignment for LaTeX macros (HO)
Package: hopatch 2016/05/16 v1.3 Wrapper for package hooks (HO)
Package: xcolor-patch 2016/05/16 xcolor patch
Package: atveryend 2016/05/16 v1.9 Hooks at the very end of document (HO)
Package: atbegshi 2016/06/09 v1.18 At begin shipout hook (HO)
Package: refcount 2016/05/16 v3.5 Data extraction from label references (HO)
Package: hycolor 2016/05/16 v1.8 Color options for hyperref/bookmark (HO)
)
(/usr/share/texlive/texmf-dist/tex/generic/ifxetex/ifxetex.sty
Package: ifxetex 2010/09/12 v0.6 Provides ifxetex conditional
)
(/usr/share/texlive/texmf-dist/tex/latex/oberdiek/auxhook.sty
Package: auxhook 2016/05/16 v1.4 Hooks for auxiliary files (HO)
)
(/usr/share/texlive/texmf-dist/tex/latex/oberdiek/kvoptions.sty
Package: kvoptions 2016/05/16 v3.12 Key value format for package options (HO)
)
\@linkdim=\dimen115
\Hy@linkcounter=\count107
\Hy@pagecounter=\count108

(/usr/share/texlive/texmf-dist/tex/latex/hyperref/pd1enc.def
File: pd1enc.def 2018/02/06 v6.86b Hyperref: PDFDocEncoding definition (HO)
)
\Hy@SavedSpaceFactor=\count109

(/usr/share/texlive/texmf-dist/tex/latex/latexconfig/hyperref.cfg
File: hyperref.cfg 2002/06/06 v1.2 hyperref configuration of TeXLive
)
Package hyperref Info: Hyper figures OFF on input line 4509.
Package hyperref Info: Link nesting OFF on input line 4514.
Package hyperref Info: Hyper index ON on input line 4517.
Package hyperref Info: Plain pages OFF on input line 4524.
Package hyperref Info: Backreferencing OFF on input line 4529.
Package hyperref Info: Implicit mode ON; LaTeX internals redefined.
Package hyperref Info: Bookmarks ON on input line 4762.
LaTeX Info: Redefining \href on input line 5026.
\c@Hy@tempcnt=\count110
LaTeX Info: Redefining \url on input line 5115.
\XeTeXLinkMargin=\dimen116
\Fld@menulength=\count111
\Field@Width=\dimen117
\Fld@charsize=\dimen118
Package hyperref Info: Hyper figures OFF on input line 6369.
Package hyperref Info: Link nesting OFF on input line 6374.
Package hyperref Info: Hyper index ON on input line 6377.
Package hyperref Info: backreferencing OFF on input line 6384.
Package hyperref Info: Link coloring OFF on input line 6389.
Package hyperref Info: Link coloring with OCG OFF on input line 6394.
Package hyperref Info: PDF/A mode OFF on input line 6399.
LaTeX Info: Redefining \ref on input line 6439.
LaTeX Info: Redefining \pageref on input line 6443.
\Hy@abspage=\count112
\c@Item=\count113
\c@Hfootnote=\count114
)
Package hyperref Info: Driver (autodetected): hpdftex.

(/usr/share/texlive/texmf-dist/tex/latex/hyperref/hpdftex.def
File: hpdftex.def 2018/02/06 v6.86b Hyperref driver for pdfTeX
\Fld@listcount=\count115
\c@bookmark@seq@number=\count116

(/usr/share/texlive/texmf-dist/tex/latex/oberdiek/rerunfilecheck.sty
Package: rerunfilecheck 2016/05/16 v1.8 Rerun checks for auxiliary files (HO)
Package uniquecounter Info: New unique counter `rerunfilecheck' on input line 2
82.
)
\Hy@SectionHShift=\skip51
)
(/usr/share/texlive/texmf-dist/tex/latex/comment/comment.sty
\CommentStream=\write4

Excluding comment 'comment')
(/usr/share/texlive/texmf-dist/tex/latex/mhchem/mhchem.sty
Package: mhchem 2017/07/24 v4.07 for typesetting chemical formulae

(/usr/share/texlive/texmf-dist/tex/latex/l3kernel/expl3.sty
Package: expl3 2018/02/21 L3 programming layer (loader) 

(/usr/share/texlive/texmf-dist/tex/latex/l3kernel/expl3-code.tex
Package: expl3 2018/02/21 L3 programming layer (code)
\c_max_int=\count117
\l_tmpa_int=\count118
\l_tmpb_int=\count119
\g_tmpa_int=\count120
\g_tmpb_int=\count121
\g__intarray_font_int=\count122
\g__prg_map_int=\count123
\c_log_iow=\count124
\l_iow_line_count_int=\count125
\l__iow_line_target_int=\count126
\l__iow_one_indent_int=\count127
\l__iow_indent_int=\count128
\c_zero_dim=\dimen119
\c_max_dim=\dimen120
\l_tmpa_dim=\dimen121
\l_tmpb_dim=\dimen122
\g_tmpa_dim=\dimen123
\g_tmpb_dim=\dimen124
\c_zero_skip=\skip52
\c_max_skip=\skip53
\l_tmpa_skip=\skip54
\l_tmpb_skip=\skip55
\g_tmpa_skip=\skip56
\g_tmpb_skip=\skip57
\c_zero_muskip=\muskip12
\c_max_muskip=\muskip13
\l_tmpa_muskip=\muskip14
\l_tmpb_muskip=\muskip15
\g_tmpa_muskip=\muskip16
\g_tmpb_muskip=\muskip17
\l_keys_choice_int=\count129
\c__fp_leading_shift_int=\count130
\c__fp_middle_shift_int=\count131
\c__fp_trailing_shift_int=\count132
\c__fp_big_leading_shift_int=\count133
\c__fp_big_middle_shift_int=\count134
\c__fp_big_trailing_shift_int=\count135
\c__fp_Bigg_leading_shift_int=\count136
\c__fp_Bigg_middle_shift_int=\count137
\c__fp_Bigg_trailing_shift_int=\count138
\c__fp_rand_size_int=\count139
\c__fp_rand_four_int=\count140
\c__fp_rand_eight_int=\count141
\l__sort_length_int=\count142
\l__sort_min_int=\count143
\l__sort_top_int=\count144
\l__sort_max_int=\count145
\l__sort_true_max_int=\count146
\l__sort_block_int=\count147
\l__sort_begin_int=\count148
\l__sort_end_int=\count149
\l__sort_A_int=\count150
\l__sort_B_int=\count151
\l__sort_C_int=\count152
\l__tl_build_start_index_int=\count153
\l__tl_build_index_int=\count154
\l__tl_analysis_normal_int=\count155
\l__tl_analysis_index_int=\count156
\l__tl_analysis_nesting_int=\count157
\l__tl_analysis_type_int=\count158
\l__regex_internal_a_int=\count159
\l__regex_internal_b_int=\count160
\l__regex_internal_c_int=\count161
\l__regex_balance_int=\count162
\l__regex_group_level_int=\count163
\l__regex_mode_int=\count164
\c__regex_cs_in_class_mode_int=\count165
\c__regex_cs_mode_int=\count166
\l__regex_catcodes_int=\count167
\l__regex_default_catcodes_int=\count168
\c__regex_catcode_D_int=\count169
\c__regex_catcode_S_int=\count170
\c__regex_catcode_L_int=\count171
\c__regex_catcode_O_int=\count172
\c__regex_catcode_A_int=\count173
\c__regex_all_catcodes_int=\count174
\l__regex_show_lines_int=\count175
\l__regex_min_state_int=\count176
\l__regex_max_state_int=\count177
\l__regex_left_state_int=\count178
\l__regex_right_state_int=\count179
\l__regex_capturing_group_int=\count180
\l__regex_min_pos_int=\count181
\l__regex_max_pos_int=\count182
\l__regex_curr_pos_int=\count183
\l__regex_start_pos_int=\count184
\l__regex_success_pos_int=\count185
\l__regex_curr_char_int=\count186
\l__regex_curr_catcode_int=\count187
\l__regex_last_char_int=\count188
\l__regex_case_changed_char_int=\count189
\l__regex_curr_state_int=\count190
\l__regex_step_int=\count191
\l__regex_min_active_int=\count192
\l__regex_max_active_int=\count193
\l__regex_replacement_csnames_int=\count194
\l__regex_match_count_int=\count195
\l__regex_min_submatch_int=\count196
\l__regex_submatch_int=\count197
\l__regex_zeroth_submatch_int=\count198
\g__regex_trace_regex_int=\count199
\c_empty_box=\box43
\l_tmpa_box=\box44
\l_tmpb_box=\box45
\g_tmpa_box=\box46
\g_tmpb_box=\box47
\l__box_top_dim=\dimen125
\l__box_bottom_dim=\dimen126
\l__box_left_dim=\dimen127
\l__box_right_dim=\dimen128
\l__box_top_new_dim=\dimen129
\l__box_bottom_new_dim=\dimen130
\l__box_left_new_dim=\dimen131
\l__box_right_new_dim=\dimen132
\l__box_internal_box=\box48
\l__coffin_internal_box=\box49
\l__coffin_internal_dim=\dimen133
\l__coffin_offset_x_dim=\dimen134
\l__coffin_offset_y_dim=\dimen135
\l__coffin_x_dim=\dimen136
\l__coffin_y_dim=\dimen137
\l__coffin_x_prime_dim=\dimen138
\l__coffin_y_prime_dim=\dimen139
\c_empty_coffin=\box50
\l__coffin_aligned_coffin=\box51
\l__coffin_aligned_internal_coffin=\box52
\l_tmpa_coffin=\box53
\l_tmpb_coffin=\box54
\l__coffin_display_coffin=\box55
\l__coffin_display_coord_coffin=\box56
\l__coffin_display_pole_coffin=\box57
\l__coffin_display_offset_dim=\dimen140
\l__coffin_display_x_dim=\dimen141
\l__coffin_display_y_dim=\dimen142
\l__coffin_bounding_shift_dim=\dimen143
\l__coffin_left_corner_dim=\dimen144
\l__coffin_right_corner_dim=\dimen145
\l__coffin_bottom_corner_dim=\dimen146
\l__coffin_top_corner_dim=\dimen147
\l__coffin_scaled_total_height_dim=\dimen148
\l__coffin_scaled_width_dim=\dimen149
)
(/usr/share/texlive/texmf-dist/tex/latex/l3kernel/l3pdfmode.def
File: l3pdfmode.def 2017/03/18 v L3 Experimental driver: PDF mode
\l__driver_color_stack_int=\count266
\l__driver_tmp_box=\box58
))
(/usr/share/texlive/texmf-dist/tex/latex/l3packages/l3keys2e/l3keys2e.sty
Package: l3keys2e 2018/02/21 LaTeX2e option processing using LaTeX3 keys
)
(/usr/share/texlive/texmf-dist/tex/latex/tools/calc.sty
Package: calc 2014/10/28 v4.3 Infix arithmetic (KKT,FJ)
\calc@Acount=\count267
\calc@Bcount=\count268
\calc@Adimen=\dimen150
\calc@Bdimen=\dimen151
\calc@Askip=\skip58
\calc@Bskip=\skip59
LaTeX Info: Redefining \setlength on input line 80.
LaTeX Info: Redefining \addtolength on input line 81.
\calc@Ccount=\count269
\calc@Cskip=\skip60
)
(/usr/share/texlive/texmf-dist/tex/latex/chemgreek/chemgreek.sty
(/usr/share/texlive/texmf-dist/tex/latex/l3packages/xparse/xparse.sty
Package: xparse 2018/02/21 L3 Experimental document command parser
\l__xparse_current_arg_int=\count270
\g__xparse_grabber_int=\count271
\l__xparse_m_args_int=\count272
\l__xparse_mandatory_args_int=\count273
\l__xparse_v_nesting_int=\count274
)
Package: chemgreek 2016/12/20 v1.1 interfaceforuprightgreeklettersforuseinchemi
stry (CN)
\l__chemgreek_tmpa_int=\count275
\g__chemgreek_tmpa_int=\count276
.................................................
. LaTeX info: "xparse/define-command"
. 
. Defining command \newchemgreekmapping with sig. 'O{}mm' on line 336.
.................................................
.................................................
. LaTeX info: "xparse/define-command"
. 
. Defining command \renewchemgreekmapping with sig. 'O{}mm' on line 339.
.................................................
.................................................
. LaTeX info: "xparse/define-command"
. 
. Defining command \declarechemgreekmapping with sig. 'O{}mm' on line 342.
.................................................
.................................................
. LaTeX info: "xparse/define-command"
. 
. Defining command \newchemgreekmappingalias with sig. 'mm' on line 347.
.................................................
.................................................
. LaTeX info: "xparse/define-command"
. 
. Defining command \renewchemgreekmappingalias with sig. 'mm' on line 350.
.................................................
.................................................
. LaTeX info: "xparse/define-command"
. 
. Defining command \declarechemgreekmappingalias with sig. 'mm' on line 353.
.................................................
.................................................
. LaTeX info: "xparse/define-command"
. 
. Defining command \changechemgreeksymbol with sig. 'mmmm' on line 383.
.................................................
.................................................
. LaTeX info: "xparse/define-command"
. 
. Defining command \chemgreekmappingsymbol with sig. 'mm' on line 477.
.................................................
.................................................
. LaTeX info: "xparse/define-command"
. 
. Defining command \activatechemgreekmapping with sig. 'sm' on line 486.
.................................................
.................................................
. LaTeX info: "xparse/define-command"
. 
. Defining command \selectchemgreekmapping with sig. 'm' on line 491.
.................................................
)
\l__mhchem_ce_distanceFromLastComma_int=\count277
\__mhchem_arrow_extPgfLength_skip=\skip61
\mhchem@minispace@tmp=\skip62
\mhchem@minibackspace@tmp=\skip63
\mhchem@bondwidth=\skip64
\mhchem@bondheight=\skip65
\mhchem@smallbondwidth@tmpA=\skip66
\mhchem@smallbondwidth@tmpB=\skip67
\mhchem@smallbondwidth=\skip68
\mhchem@bondtmp@minussidebearingleft=\skip69
\mhchem@bondtmp@minussidebearingright=\skip70
\l__mhchem_option_version_int=\count278
\mhchem@option@minusmathsidebearingleft=\dimen152
\mhchem@option@minusmathsidebearingright=\dimen153
\mhchem@option@minustextsidebearingleft=\dimen154
\mhchem@option@minustextsidebearingright=\dimen155
)
(/usr/share/texlive/texmf-dist/tex/latex/graphics/color.sty
Package: color 2016/07/10 v1.1e Standard LaTeX Color (DPC)

(/usr/share/texlive/texmf-dist/tex/latex/graphics-cfg/color.cfg
File: color.cfg 2016/01/02 v1.6 sample color configuration
)
Package color Info: Driver file: pdftex.def on input line 147.
)
(/usr/share/texlive/texmf-dist/tex/latex/siunitx/siunitx.sty
Package: siunitx 2017/11/26 v2.7k A comprehensive (SI) units package
\l__siunitx_tmp_box=\box59
\l__siunitx_tmp_dim=\dimen156
\l__siunitx_tmp_int=\count279
\l__siunitx_number_mantissa_length_int=\count280
\l__siunitx_number_uncert_length_int=\count281
\l__siunitx_round_int=\count282
\l__siunitx_process_decimal_int=\count283
\l__siunitx_process_uncertainty_int=\count284
\l__siunitx_process_fixed_int=\count285
\l__siunitx_process_integer_min_int=\count286
\l__siunitx_process_precision_int=\count287
\l__siunitx_group_min_int=\count288
\l__siunitx_angle_marker_box=\box60
\l__siunitx_angle_unit_box=\box61
\l__siunitx_angle_marker_dim=\dimen157
\l__siunitx_angle_unit_dim=\dimen158
\l__siunitx_unit_int=\count289
\l__siunitx_unit_denominator_int=\count290
\l__siunitx_unit_numerator_int=\count291
\l__siunitx_unit_prefix_int=\count292
\l__siunitx_unit_prefix_base_int=\count293
\l__siunitx_unit_prefix_gram_int=\count294
\l__siunitx_number_product_int=\count295
\c__siunitx_one_fill_skip=\skip71
\l__siunitx_table_unit_align_skip=\skip72
\l__siunitx_table_exponent_dim=\dimen159
\l__siunitx_table_integer_dim=\dimen160
\l__siunitx_table_mantissa_dim=\dimen161
\l__siunitx_table_marker_dim=\dimen162
\l__siunitx_table_result_dim=\dimen163
\l__siunitx_table_uncert_dim=\dimen164
\l__siunitx_table_fill_pre_dim=\dimen165
\l__siunitx_table_fill_post_dim=\dimen166
\l__siunitx_table_fill_mid_dim=\dimen167
\l__siunitx_table_pre_box=\box62
\l__siunitx_table_post_box=\box63
\l__siunitx_table_mantissa_box=\box64
\l__siunitx_table_result_box=\box65
\l__siunitx_table_number_align_skip=\skip73
\l__siunitx_table_text_align_skip=\skip74
.................................................
. LaTeX info: "xparse/define-command"
. 
. Defining command \DeclareBinaryPrefix with sig. 'mmm' on line 7250.
.................................................
.................................................
. LaTeX info: "xparse/define-command"
. 
. Defining command \DeclareSIPostPower with sig. 'mm' on line 7253.
.................................................
.................................................
. LaTeX info: "xparse/define-command"
. 
. Defining command \DeclareSIPrefix with sig. 'mmm' on line 7256.
.................................................
.................................................
. LaTeX info: "xparse/define-command"
. 
. Defining command \DeclareSIPrePower with sig. 'mm' on line 7259.
.................................................
.................................................
. LaTeX info: "xparse/define-command"
. 
. Defining command \DeclareSIQualifier with sig. 'mm' on line 7262.
.................................................
.................................................
. LaTeX info: "xparse/define-command"
. 
. Defining command \DeclareSIUnit with sig. 'O{}mm' on line 7265.
.................................................
.................................................
. LaTeX info: "xparse/define-command"
. 
. Defining command \DeclareSIUnitWithOptions with sig. 'mmm' on line 7268.
.................................................
.................................................
. LaTeX info: "xparse/define-command"
. 
. Defining command \ang with sig. 'o>{\SplitArgument {2}{;}}m' on line 7283.
.................................................
.................................................
. LaTeX info: "xparse/define-command"
. 
. Defining command \num with sig. 'om' on line 7292.
.................................................
.................................................
. LaTeX info: "xparse/define-command"
. 
. Defining command \numlist with sig. 'o>{\SplitList {;}}m' on line 7301.
.................................................
.................................................
. LaTeX info: "xparse/define-command"
. 
. Defining command \numrange with sig. 'omm' on line 7310.
.................................................
.................................................
. LaTeX info: "xparse/define-command"
. 
. Defining command \SIlist with sig. 'o>{\SplitList {;}}mm' on line 7322.
.................................................
.................................................
. LaTeX info: "xparse/define-command"
. 
. Defining command \SIrange with sig. 'ommm' on line 7334.
.................................................
.................................................
. LaTeX info: "xparse/define-command"
. 
. Defining command \SI with sig. 'omom' on line 7346.
.................................................
.................................................
. LaTeX info: "xparse/define-command"
. 
. Defining command \sisetup with sig. 'm' on line 7349.
.................................................
.................................................
. LaTeX info: "xparse/define-command"
. 
. Defining command \tablenum with sig. 'om' on line 7364.
.................................................
.................................................
. LaTeX info: "xparse/define-command"
. 
. Defining command \si with sig. 'om' on line 7376.
.................................................
.................................................
. LaTeX info: "xparse/define-command"
. 
. Defining command \numInBookmark with sig. 'om' on line 7423.
.................................................
.................................................
. LaTeX info: "xparse/define-command"
. 
. Defining command \numrangeInBookmark with sig. 'omm' on line 7425.
.................................................
.................................................
. LaTeX info: "xparse/define-command"
. 
. Defining command \SIInBookmark with sig. 'omom' on line 7427.
.................................................
.................................................
. LaTeX info: "xparse/define-command"
. 
. Defining command \SIlistInBookmark with sig. 'omm' on line 7429.
.................................................
.................................................
. LaTeX info: "xparse/define-command"
. 
. Defining command \SIrangeInBookmark with sig. 'ommm' on line 7431.
.................................................
.................................................
. LaTeX info: "xparse/define-command"
. 
. Defining command \siInBookmark with sig. 'om' on line 7432.
.................................................
\g__file_internal_ior=\read1

(/usr/share/texlive/texmf-dist/tex/latex/translator/translator.sty
Package: translator 2018/01/04 v1.12 Easy translation of strings in LaTeX
))
(/usr/share/texlive/texmf-dist/tex/generic/babel/babel.sty
Package: babel 2018/02/14 3.18 The Babel package

(/usr/share/texlive/texmf-dist/tex/generic/babel/switch.def
File: switch.def 2018/02/14 3.18 Babel switching mechanism
)
(/usr/share/texlive/texmf-dist/tex/generic/babel-english/english.ldf
Language: english 2017/06/06 v3.3r English support from the babel system

(/usr/share/texlive/texmf-dist/tex/generic/babel/babel.def
File: babel.def 2018/02/14 3.18 Babel common definitions
\babel@savecnt=\count296
\U@D=\dimen168

(/usr/share/texlive/texmf-dist/tex/generic/babel/txtbabel.def)
\bbl@dirlevel=\count297
)
\l@british = a dialect from \language\l@english 
\l@UKenglish = a dialect from \language\l@english 
\l@canadian = a dialect from \language\l@american 
\l@australian = a dialect from \language\l@british 
\l@newzealand = a dialect from \language\l@british 
))
(/usr/share/texlive/texmf-dist/tex/latex/esdiff/esdiff.sty
Package: esdiff 
)
Class revtex4-1 Info: Unrecognized array package. Please update this document c
lass! (Proceeding with fingers crossed.) on input line 21.
Class revtex4-1 Info: Robustifying \LaTeX's \boldmath command on input line 21.

Class revtex4-1 Info: cite was not loaded (OK!) on input line 21.
Class revtex4-1 Info: mcite was not loaded (OK!) on input line 21.
Class revtex4-1 Info: multicol was not loaded (OK!) on input line 21.

(/home/feschmidt/git/grapheneJJ/arxiv_final/final_arxiv.aux

Package natbib Warning: Citation `liang_fabry_2001' multiply defined.


Package natbib Warning: Citation `miao_phasecoherent_2007' multiply defined.


Package natbib Warning: Citation `young_quantum_2009' multiply defined.


Package natbib Warning: Citation `cho_massless_2011' multiply defined.


Package natbib Warning: Citation `wu_quantum_2012' multiply defined.


Package natbib Warning: Citation `campos_quantum_2012' multiply defined.


Package natbib Warning: Citation `rickhaus_ballistic_2013' multiply defined.


Package natbib Warning: Citation `benshalom_quantum_2015' multiply defined.


Package natbib Warning: Citation `calado_ballistic_2015a' multiply defined.


Package natbib Warning: Citation `amet_supercurrent_2016a' multiply defined.


Package natbib Warning: Citation `borzenets_ballistic_2016a' multiply defined.


Package natbib Warning: Citation `allen_observation_2017' multiply defined.


Package natbib Warning: Citation `zhu_supercurrent_2018' multiply defined.


Package natbib Warning: Citation `bretheau_tunnelling_2017a' multiply defined.


LaTeX Warning: Label `LastBibItem' multiply defined.

)
\openout1 = `final_arxiv.aux'.

LaTeX Font Info:    Checking defaults for OML/cmm/m/it on input line 21.
LaTeX Font Info:    ... okay on input line 21.
LaTeX Font Info:    Checking defaults for T1/cmr/m/n on input line 21.
LaTeX Font Info:    ... okay on input line 21.
LaTeX Font Info:    Checking defaults for OT1/cmr/m/n on input line 21.
LaTeX Font Info:    ... okay on input line 21.
LaTeX Font Info:    Checking defaults for OMS/cmsy/m/n on input line 21.
LaTeX Font Info:    ... okay on input line 21.
LaTeX Font Info:    Checking defaults for OMX/cmex/m/n on input line 21.
LaTeX Font Info:    ... okay on input line 21.
LaTeX Font Info:    Checking defaults for U/cmr/m/n on input line 21.
LaTeX Font Info:    ... okay on input line 21.
LaTeX Font Info:    Checking defaults for PD1/pdf/m/n on input line 21.
LaTeX Font Info:    ... okay on input line 21.
 (/usr/share/texlive/texmf-dist/tex/context/base/mkii/supp-pdf.mkii
[Loading MPS to PDF converter (version 2006.09.02).]
\scratchcounter=\count298
\scratchdimen=\dimen169
\scratchbox=\box66
\nofMPsegments=\count299
\nofMParguments=\count300
\everyMPshowfont=\toks24
\MPscratchCnt=\count301
\MPscratchDim=\dimen170
\MPnumerator=\count302
\makeMPintoPDFobject=\count303
\everyMPtoPDFconversion=\toks25
) (/usr/share/texlive/texmf-dist/tex/latex/oberdiek/epstopdf-base.sty
Package: epstopdf-base 2016/05/15 v2.6 Base part for package epstopdf

(/usr/share/texlive/texmf-dist/tex/latex/oberdiek/grfext.sty
Package: grfext 2016/05/16 v1.2 Manage graphics extensions (HO)
)
Package epstopdf-base Info: Redefining graphics rule for `.eps' on input line 4
38.
Package grfext Info: Graphics extension search list:
(grfext)             [.pdf,.png,.jpg,.mps,.jpeg,.jbig2,.jb2,.PDF,.PNG,.JPG,.JPE
G,.JBIG2,.JB2,.eps]
(grfext)             \AppendGraphicsExtensions on input line 456.

(/usr/share/texlive/texmf-dist/tex/latex/latexconfig/epstopdf-sys.cfg
File: epstopdf-sys.cfg 2010/07/13 v1.3 Configuration of (r)epstopdf for TeX Liv
e
))
\AtBeginShipoutBox=\box67
Package hyperref Info: Link coloring OFF on input line 21.

(/usr/share/texlive/texmf-dist/tex/latex/hyperref/nameref.sty
Package: nameref 2016/05/21 v2.44 Cross-referencing by name of section

(/usr/share/texlive/texmf-dist/tex/generic/oberdiek/gettitlestring.sty
Package: gettitlestring 2016/05/16 v1.5 Cleanup title references (HO)
)
\c@section@level=\count304
)
LaTeX Info: Redefining \ref on input line 21.
LaTeX Info: Redefining \pageref on input line 21.
LaTeX Info: Redefining \nameref on input line 21.

(/home/feschmidt/git/grapheneJJ/arxiv_final/final_arxiv.out)
(/home/feschmidt/git/grapheneJJ/arxiv_final/final_arxiv.out)
\@outlinefile=\write5
\openout5 = `final_arxiv.out'.

.................................................
. chemgreek info: "mapping-activated"
. 
. Activating mapping `default' on line 21.
.................................................

(/usr/share/texlive/texmf-dist/tex/latex/translator/translator-basic-dictionary
-English.dict
Dictionary: translator-basic-dictionary, Language: English 
)
(/usr/share/texlive/texmf-dist/tex/latex/siunitx/siunitx-abbreviations.cfg
File: siunitx-abbreviations.cfg 2017/11/26 v2.7k siunitx: Abbreviated units
)
Class revtex4-1 Info: Taking \maketitle back from hyperref on input line 21.
\openout3 = `final_arxivNotes.bib'.

\c__siunitx_mathsf_int=\count305
LaTeX Font Info:    Try loading font information for U+msa on input line 21.

(/usr/share/texlive/texmf-dist/tex/latex/amsfonts/umsa.fd
File: umsa.fd 2013/01/14 v3.01 AMS symbols A
)
LaTeX Font Info:    Try loading font information for U+msb on input line 21.

(/usr/share/texlive/texmf-dist/tex/latex/amsfonts/umsb.fd
File: umsb.fd 2013/01/14 v3.01 AMS symbols B
)
\c__siunitx_mathtt_int=\count306
 [1{/var/lib/texmf/fonts/map/pdftex/updmap/pdftex.map}]
LaTeX Font Info:    Try loading font information for TS1+cmr on input line 85.

(/usr/share/texlive/texmf-dist/tex/latex/base/ts1cmr.fd
File: ts1cmr.fd 2014/09/29 v2.5h Standard LaTeX font definitions
) [2] [3] [4] [5]
[6] [7] [8] [9] [10] [11]
Underfull \hbox (badness 1019) in paragraph at lines 354--359
[]\OT1/cmr/m/n/12 De Lange, G. et al.  Re-al-iza-tion of Mi-crowave Quan-tum Ci
r-cuits Us-ing Hy-brid
 []

[12] [13] [14] (/home/feschmidt/git/grapheneJJ/arxiv_final/final_arxiv.bbl)
<figs/fig1_final_cmyk.out.pdf, id=304, 480.194pt x 207.35468pt>
File: figs/fig1_final_cmyk.out.pdf Graphic file (type pdf)
<use figs/fig1_final_cmyk.out.pdf>
Package pdftex.def Info: figs/fig1_final_cmyk.out.pdf  used on input line 603.
(pdftex.def)             Requested size: 468.0pt x 202.0893pt.
<figs/fig2_final_cmyk.out.pdf, id=305, 1029.32553pt x 479.38097pt>
File: figs/fig2_final_cmyk.out.pdf Graphic file (type pdf)
<use figs/fig2_final_cmyk.out.pdf>
Package pdftex.def Info: figs/fig2_final_cmyk.out.pdf  used on input line 623.
(pdftex.def)             Requested size: 468.0pt x 217.95775pt.
<figs/fig3_final.pdf, id=306, 522.75299pt x 209.58301pt>
File: figs/fig3_final.pdf Graphic file (type pdf)
<use figs/fig3_final.pdf>
Package pdftex.def Info: figs/fig3_final.pdf  used on input line 636.
(pdftex.def)             Requested size: 468.0pt x 187.63158pt.
<figs/fig4_final.pdf, id=307, 472.38483pt x 213.90916pt>
File: figs/fig4_final.pdf Graphic file (type pdf)
<use figs/fig4_final.pdf>
Package pdftex.def Info: figs/fig4_final.pdf  used on input line 652.
(pdftex.def)             Requested size: 468.0pt x 211.92738pt.

[15] [16 </home/feschmidt/git/grapheneJJ/arxiv_final/figs/fig1_final_cmyk.out.p
df>] [17 </home/feschmidt/git/grapheneJJ/arxiv_final/figs/fig2_final_cmyk.out.p
df>] [18 </home/feschmidt/git/grapheneJJ/arxiv_final/figs/fig3_final.pdf>]
[19 </home/feschmidt/git/grapheneJJ/arxiv_final/figs/fig4_final.pdf>] [20]

LaTeX Warning: No positions in optional float specifier.
               Default added (so using `tbp') on input line 714.

<figs/full_setup_cmyk.pdf, id=611, 325.17484pt x 349.85706pt>
File: figs/full_setup_cmyk.pdf Graphic file (type pdf)
<use figs/full_setup_cmyk.pdf>
Package pdftex.def Info: figs/full_setup_cmyk.pdf  used on input line 716.
(pdftex.def)             Requested size: 374.40143pt x 402.83963pt.
pdfTeX warning (ext4): destination with the same identifier (name{figure.1}) ha
s been already used, duplicate ignored
<to be read again> 
                   \relax 
l.719     }
           pdfTeX warning (ext4): destination with the same identifier (name{fi
gure.1}) has been already used, duplicate ignored
<to be read again> 
                   \relax 
l.719     }
           

LaTeX Warning: No positions in optional float specifier.
               Default added (so using `tbp') on input line 723.

<./figs/rfmodel.pdf, id=612, 419.831pt x 176.2148pt>
File: ./figs/rfmodel.pdf Graphic file (type pdf)
<use ./figs/rfmodel.pdf>
Package pdftex.def Info: ./figs/rfmodel.pdf  used on input line 725.
(pdftex.def)             Requested size: 327.59857pt x 137.50613pt.
pdfTeX warning (ext4): destination with the same identifier (name{figure.2}) ha
s been already used, duplicate ignored
<to be read again> 
                   \relax 
l.728     }
           pdfTeX warning (ext4): destination with the same identifier (name{fi
gure.2}) has been already used, duplicate ignored
<to be read again> 
                   \relax 
l.728     }
           

LaTeX Warning: No positions in optional float specifier.
               Default added (so using `tbp') on input line 732.

<./figs/si_calcavities.out.pdf, id=615, 468.07872pt x 211.68083pt>
File: ./figs/si_calcavities.out.pdf Graphic file (type pdf)
<use ./figs/si_calcavities.out.pdf>
Package pdftex.def Info: ./figs/si_calcavities.out.pdf  used on input line 734.

(pdftex.def)             Requested size: 468.0pt x 211.65123pt.
pdfTeX warning (ext4): destination with the same identifier (name{figure.3}) ha
s been already used, duplicate ignored
<to be read again> 
                   \relax 
l.740     }
           pdfTeX warning (ext4): destination with the same identifier (name{fi
gure.3}) has been already used, duplicate ignored
<to be read again> 
                   \relax 
l.740     }
           

LaTeX Warning: No positions in optional float specifier.
               Default added (so using `tbp') on input line 744.

<./figs/fig3_supp_bands.pdf, id=616, 257.76299pt x 209.58301pt>
File: ./figs/fig3_supp_bands.pdf Graphic file (type pdf)
<use ./figs/fig3_supp_bands.pdf>
Package pdftex.def Info: ./figs/fig3_supp_bands.pdf  used on input line 746.
(pdftex.def)             Requested size: 234.0pt x 190.26991pt.
pdfTeX warning (ext4): destination with the same identifier (name{figure.4}) ha
s been already used, duplicate ignored
<to be read again> 
                   \relax 
l.750     }
           pdfTeX warning (ext4): destination with the same identifier (name{fi
gure.4}) has been already used, duplicate ignored
<to be read again> 
                   \relax 
l.750     }
           

LaTeX Warning: No positions in optional float specifier.
               Default added (so using `tbp') on input line 754.

<./figs/fig4_supp_bands.pdf, id=617, 472.38483pt x 213.90916pt>
File: ./figs/fig4_supp_bands.pdf Graphic file (type pdf)
<use ./figs/fig4_supp_bands.pdf>
Package pdftex.def Info: ./figs/fig4_supp_bands.pdf  used on input line 756.
(pdftex.def)             Requested size: 468.0pt x 211.92738pt.

LaTeX Warning: No positions in optional float specifier.
               Default added (so using `tbp') on input line 766.

<figs/supp_anharmonicity_1.pdf, id=618, 272.35753pt x 220.7447pt>
File: figs/supp_anharmonicity_1.pdf Graphic file (type pdf)
<use figs/supp_anharmonicity_1.pdf>
Package pdftex.def Info: figs/supp_anharmonicity_1.pdf  used on input line 768.

(pdftex.def)             Requested size: 327.59857pt x 265.52892pt.

LaTeX Warning: No positions in optional float specifier.
               Default added (so using `tbp') on input line 774.

<figs/supp_anharmonicity_2.pdf, id=621, 425.22867pt x 220.825pt>
File: figs/supp_anharmonicity_2.pdf Graphic file (type pdf)
<use figs/supp_anharmonicity_2.pdf>
Package pdftex.def Info: figs/supp_anharmonicity_2.pdf  used on input line 776.

(pdftex.def)             Requested size: 421.19714pt x 218.73534pt.

LaTeX Warning: No positions in optional float specifier.
               Default added (so using `tbp') on input line 785.

<figs/supp_anharmonicity_3.pdf, id=624, 425.22867pt x 220.73466pt>
File: figs/supp_anharmonicity_3.pdf Graphic file (type pdf)
<use figs/supp_anharmonicity_3.pdf>
Package pdftex.def Info: figs/supp_anharmonicity_3.pdf  used on input line 787.

(pdftex.def)             Requested size: 421.19714pt x 218.64586pt.

LaTeX Warning: No positions in optional float specifier.
               Default added (so using `tbp') on input line 794.

<figs/supp_IjVj_plot.pdf, id=627, 433.62pt x 578.16pt>
File: figs/supp_IjVj_plot.pdf Graphic file (type pdf)
<use figs/supp_IjVj_plot.pdf>
Package pdftex.def Info: figs/supp_IjVj_plot.pdf  used on input line 796.
(pdftex.def)             Requested size: 280.80286pt x 374.42331pt.

LaTeX Warning: No positions in optional float specifier.
               Default added (so using `tbp') on input line 805.

<figs/resub_repeatdev_img_cmyk.out.pdf, id=628, 178.1857pt x 190.84299pt>
File: figs/resub_repeatdev_img_cmyk.out.pdf Graphic file (type pdf)
<use figs/resub_repeatdev_img_cmyk.out.pdf>
Package pdftex.def Info: figs/resub_repeatdev_img_cmyk.out.pdf  used on input l
ine 807.
(pdftex.def)             Requested size: 93.59857pt x 100.24939pt.

LaTeX Warning: No positions in optional float specifier.
               Default added (so using `tbp') on input line 816.

<figs/si_2nddevice_cmyk.out.pdf, id=629, 1029.32553pt x 481.89034pt>
File: figs/si_2nddevice_cmyk.out.pdf Graphic file (type pdf)
<use figs/si_2nddevice_cmyk.out.pdf>
Package pdftex.def Info: figs/si_2nddevice_cmyk.out.pdf  used on input line 818
.
(pdftex.def)             Requested size: 468.0pt x 219.09866pt.

LaTeX Warning: No positions in optional float specifier.
               Default added (so using `tbp') on input line 829.

<figs/si_subgap_dos.pdf, id=632, 468.53043pt x 219.04836pt>
File: figs/si_subgap_dos.pdf Graphic file (type pdf)
<use figs/si_subgap_dos.pdf>
Package pdftex.def Info: figs/si_subgap_dos.pdf  used on input line 831.
(pdftex.def)             Requested size: 468.0pt x 218.81384pt.

LaTeX Warning: No positions in optional float specifier.
               Default added (so using `tbp') on input line 841.

<figs/si_corr_osc.pdf, id=635, 289.47148pt x 214.76236pt>
File: figs/si_corr_osc.pdf Graphic file (type pdf)
<use figs/si_corr_osc.pdf>
Package pdftex.def Info: figs/si_corr_osc.pdf  used on input line 843.
(pdftex.def)             Requested size: 280.80286pt x 208.33234pt.

LaTeX Warning: No positions in optional float specifier.
               Default added (so using `tbp') on input line 858.

<figs/si_fabryperot.pdf, id=642, 469.12263pt x 212.93553pt>
File: figs/si_fabryperot.pdf Graphic file (type pdf)
<use figs/si_fabryperot.pdf>
Package pdftex.def Info: figs/si_fabryperot.pdf  used on input line 860.
(pdftex.def)             Requested size: 468.0pt x 212.43787pt.

LaTeX Warning: No positions in optional float specifier.
               Default added (so using `tbp') on input line 870.

<figs/si_icrn.pdf, id=645, 468.94197pt x 214.76236pt>
File: figs/si_icrn.pdf Graphic file (type pdf)
<use figs/si_icrn.pdf>
Package pdftex.def Info: figs/si_icrn.pdf  used on input line 872.
(pdftex.def)             Requested size: 468.0pt x 214.32925pt.

LaTeX Warning: No positions in optional float specifier.
               Default added (so using `tbp') on input line 886.

<figs/si_cooldown_tc.pdf, id=666, 456.81665pt x 215.85645pt>
File: figs/si_cooldown_tc.pdf Graphic file (type pdf)
<use figs/si_cooldown_tc.pdf>
Package pdftex.def Info: figs/si_cooldown_tc.pdf  used on input line 888.
(pdftex.def)             Requested size: 327.59857pt x 154.7973pt.
[21 </home/feschmidt/git/grapheneJJ/arxiv_final/figs/full_setup_cmyk.pdf>]
[22 <./figs/rfmodel.pdf> <./figs/si_calcavities.out.pdf>] [23 <./figs/fig3_supp
_bands.pdf> <./figs/fig4_supp_bands.pdf>] [24 </home/feschmidt/git/grapheneJJ/a
rxiv_final/figs/supp_anharmonicity_1.pdf>] [25 </home/feschmidt/git/grapheneJJ/
arxiv_final/figs/supp_anharmonicity_2.pdf>] [26 </home/feschmidt/git/grapheneJJ
/arxiv_final/figs/supp_anharmonicity_3.pdf>] [27 </home/feschmidt/git/grapheneJ
J/arxiv_final/figs/supp_IjVj_plot.pdf> </home/feschmidt/git/grapheneJJ/arxiv_fi
nal/figs/resub_repeatdev_img_cmyk.out.pdf>] [28 </home/feschmidt/git/grapheneJJ
/arxiv_final/figs/si_2nddevice_cmyk.out.pdf>] [29 </home/feschmidt/git/graphene
JJ/arxiv_final/figs/si_subgap_dos.pdf>] [30 </home/feschmidt/git/grapheneJJ/arx
iv_final/figs/si_corr_osc.pdf>] [31 </home/feschmidt/git/grapheneJJ/arxiv_final
/figs/si_fabryperot.pdf>] [32 </home/feschmidt/git/grapheneJJ/arxiv_final/figs/
si_icrn.pdf>] [33 </home/feschmidt/git/grapheneJJ/arxiv_final/figs/si_cooldown_
tc.pdf>]
LaTeX Font Info:    Try loading font information for OMS+cmr on input line 966.

 (/usr/share/texlive/texmf-dist/tex/latex/base/omscmr.fd
File: omscmr.fd 2014/09/29 v2.5h Standard LaTeX font definitions
)
LaTeX Font Info:    Font shape `OMS/cmr/m/n' in size <12> not available
(Font)              Font shape `OMS/cmsy/m/n' tried instead on input line 966.
 [34] [35]
[36] [37] [38] [39] [40]pdfTeX warning (ext4): destination with the same identi
fier (name{cite.liang_fabry_2001}) has been already used, duplicate ignored
<to be read again> 
                   \relax 
l.1126     \bibitem{liang_fabry_2001}
                                     pdfTeX warning (ext4): destination with th
e same identifier (name{cite.miao_phasecoherent_2007}) has been already used, d
uplicate ignored
<to be read again> 
                   \relax 
l.1132     \bibitem{miao_phasecoherent_2007}
                                            pdfTeX warning (ext4): destination 
with the same identifier (name{cite.young_quantum_2009}) has been already used,
 duplicate ignored
<to be read again> 
                   \relax 
l.1138     \bibitem{young_quantum_2009}
                                       pdfTeX warning (ext4): destination with 
the same identifier (name{cite.cho_massless_2011}) has been already used, dupli
cate ignored
<to be read again> 
                   \relax 
l.1145     \bibitem{cho_massless_2011}
                                      pdfTeX warning (ext4): destination with t
he same identifier (name{cite.wu_quantum_2012}) has been already used, duplicat
e ignored
<to be read again> 
                   \relax 
l.1152     \bibitem{wu_quantum_2012}
                                    pdfTeX warning (ext4): destination with the
 same identifier (name{cite.campos_quantum_2012}) has been already used, duplic
ate ignored
<to be read again> 
                   \relax 
l.1159     \bibitem{campos_quantum_2012}
                                        pdfTeX warning (ext4): destination with
 the same identifier (name{cite.rickhaus_ballistic_2013}) has been already used
, duplicate ignored
<to be read again> 
                   \relax 
l.1166     \bibitem{rickhaus_ballistic_2013}
                                            pdfTeX warning (ext4): destination 
with the same identifier (name{cite.benshalom_quantum_2015}) has been already u
sed, duplicate ignored
<to be read again> 
                   \relax 
l.1172     \bibitem{benshalom_quantum_2015}
                                           pdfTeX warning (ext4): destination w
ith the same identifier (name{cite.calado_ballistic_2015a}) has been already us
ed, duplicate ignored
<to be read again> 
                   \relax 
l.1179     \bibitem{calado_ballistic_2015a}
                                           pdfTeX warning (ext4): destination w
ith the same identifier (name{cite.amet_supercurrent_2016a}) has been already u
sed, duplicate ignored
<to be read again> 
                   \relax 
l.1185     \bibitem{amet_supercurrent_2016a}
                                             [41]pdfTeX warning (ext4): destina
tion with the same identifier (name{cite.borzenets_ballistic_2016a}) has been a
lready used, duplicate ignored
<to be read again> 
                   \relax 
l.1191     \bibitem{borzenets_ballistic_2016a}
                                              
Underfull \hbox (badness 1168) in paragraph at lines 1192--1197
[]\OT1/cmr/m/n/12 Borzenets, I. V. et al.  Bal-lis-tic Graphene Joseph-son Junc
-tions from the Short
 []


Underfull \hbox (badness 1348) in paragraph at lines 1192--1197
\OT1/cmr/m/n/12 to the Long Junc-tion Regimes.  \OT1/cmr/m/it/12 Phys-i-cal Re-
view Let-ters \OT1/cmr/bx/n/12 117\OT1/cmr/m/n/12 (23) (2016).  []doi:
 []

pdfTeX warning (ext4): destination with the same identifier (name{cite.allen_ob
servation_2017}) has been already used, duplicate ignored
<to be read again> 
                   \relax 
l.1198     \bibitem{allen_observation_2017}
                                           pdfTeX warning (ext4): destination w
ith the same identifier (name{cite.zhu_supercurrent_2018}) has been already use
d, duplicate ignored
<to be read again> 
                   \relax 
l.1205     \bibitem{zhu_supercurrent_2018}
                                          
Underfull \hbox (badness 1931) in paragraph at lines 1270--1275
[]\OT1/cmr/m/n/12 Borzenets, I. V. et al.  Phonon bot-tle-neck in graphene-base
d Joseph-son junc-
 []


Underfull \hbox (badness 1210) in paragraph at lines 1270--1275
\OT1/cmr/m/n/12 tions at mil-likelvin tem-per-a-tures.  \OT1/cmr/m/it/12 Phys-i
-cal Re-view Let-ters \OT1/cmr/bx/n/12 111\OT1/cmr/m/n/12 (2) (2013).  []doi:
 []

[42]pdfTeX warning (ext4): destination with the same identifier (name{cite.bret
heau_tunnelling_2017a}) has been already used, duplicate ignored
<to be read again> 
                   \relax 
l.1289     \bibitem{bretheau_tunnelling_2017a}
                                              
(/home/feschmidt/git/grapheneJJ/arxiv_final/final_arxiv.bbl)

Package natbib Warning: There were multiply defined citations.

[43]
Package atveryend Info: Empty hook `AfterLastShipout' on input line 1296.
 (/home/feschmidt/git/grapheneJJ/arxiv_final/final_arxiv.aux

Package natbib Warning: Citation(s) may have changed.
(natbib)                Rerun to get citations correct.

)
Package atveryend Info: Executing hook `AtVeryEndDocument' on input line 1296.
Package atveryend Info: Executing hook `AtEndAfterFileList' on input line 1296.

Package rerunfilecheck Info: File `final_arxiv.out' has not changed.
(rerunfilecheck)             Checksum: 81FE3361BA890F0A0CA35DAD3283A9BA;1890.


LaTeX Warning: There were multiply-defined labels.

 ) 
Here is how much of TeX's memory you used:
 20448 strings out of 494267
 390833 string characters out of 6162828
 510459 words of memory out of 5000000
 23448 multiletter control sequences out of 15000+600000
 547075 words of font info for 83 fonts, out of 8000000 for 9000
 395 hyphenation exceptions out of 8191
 41i,17n,58p,10371b,1073s stack positions out of 5000i,500n,10000p,200000b,80000s
 </home/feschmidt/.texlive2017/texmf-var/fonts/pk/ljfour/jknappen/ec/tcrm1095
.600pk> </home/feschmidt/.texlive2017/texmf-var/fonts/pk/ljfour/jknappen/ec/tcr
m1200.600pk></usr/share/texlive/texmf-dist/fonts/type1/public/amsfonts/cm/cmbx1
0.pfb></usr/share/texlive/texmf-dist/fonts/type1/public/amsfonts/cm/cmbx12.pfb>
</usr/share/texlive/texmf-dist/fonts/type1/public/amsfonts/cm/cmex10.pfb></usr/
share/texlive/texmf-dist/fonts/type1/public/amsfonts/cm/cmmi10.pfb></usr/share/
texlive/texmf-dist/fonts/type1/public/amsfonts/cm/cmmi12.pfb></usr/share/texliv
e/texmf-dist/fonts/type1/public/amsfonts/cm/cmmi8.pfb></usr/share/texlive/texmf
-dist/fonts/type1/public/amsfonts/cm/cmr10.pfb></usr/share/texlive/texmf-dist/f
onts/type1/public/amsfonts/cm/cmr12.pfb></usr/share/texlive/texmf-dist/fonts/ty
pe1/public/amsfonts/cm/cmr6.pfb></usr/share/texlive/texmf-dist/fonts/type1/publ
ic/amsfonts/cm/cmr8.pfb></usr/share/texlive/texmf-dist/fonts/type1/public/amsfo
nts/cm/cmss12.pfb></usr/share/texlive/texmf-dist/fonts/type1/public/amsfonts/cm
/cmss17.pfb></usr/share/texlive/texmf-dist/fonts/type1/public/amsfonts/cm/cmsy1
0.pfb></usr/share/texlive/texmf-dist/fonts/type1/public/amsfonts/cm/cmsy6.pfb><
/usr/share/texlive/texmf-dist/fonts/type1/public/amsfonts/cm/cmsy8.pfb></usr/sh
are/texlive/texmf-dist/fonts/type1/public/amsfonts/cm/cmti12.pfb></usr/share/te
xlive/texmf-dist/fonts/type1/public/amsfonts/cm/cmti8.pfb></usr/share/texlive/t
exmf-dist/fonts/type1/public/amsfonts/cm/cmtt12.pfb></usr/share/texlive/texmf-d
ist/fonts/type1/public/amsfonts/symbols/msbm10.pfb>
Output written on /home/feschmidt/git/grapheneJJ/arxiv_final/final_arxiv.pdf (4
3 pages, 5492669 bytes).
PDF statistics:
 1645 PDF objects out of 1728 (max. 8388607)
 959 compressed objects within 10 object streams
 150 named destinations out of 1000 (max. 500000)
 317 words of extra memory for PDF output out of 10000 (max. 10000000)

