\BOOKMARK [1][-]{section*.1}{Introduction}{}% 1
\BOOKMARK [1][-]{section*.2}{Results}{}% 2
\BOOKMARK [2][-]{section*.3}{Circuit description}{section*.2}% 3
\BOOKMARK [2][-]{section*.4}{DC characterization}{section*.2}% 4
\BOOKMARK [2][-]{section*.5}{Microwave characterization}{section*.2}% 5
\BOOKMARK [2][-]{section*.6}{Josephson inductance of the gJJ}{section*.2}% 6
\BOOKMARK [2][-]{section*.7}{Microwave losses in the gJJ}{section*.2}% 7
\BOOKMARK [1][-]{section*.8}{Discussion}{}% 8
\BOOKMARK [1][-]{section*.9}{Methods}{}% 9
\BOOKMARK [2][-]{section*.10}{Fabrication of the microwave circuit}{section*.9}% 10
\BOOKMARK [2][-]{section*.11}{Fabrication of the gJJ}{section*.9}% 11
\BOOKMARK [2][-]{section*.12}{Measurement setup}{section*.9}% 12
\BOOKMARK [2][-]{section*.13}{Data visualization}{section*.9}% 13
\BOOKMARK [1][-]{section*.14}{Data Availability}{}% 14
\BOOKMARK [1][-]{section*.15}{References}{}% 15
\BOOKMARK [1][-]{section*.16}{Acknowledgements}{}% 16
\BOOKMARK [1][-]{section*.17}{Author contributions}{}% 17
\BOOKMARK [1][-]{section*.18}{Competing interests}{}% 18
\BOOKMARK [1][-]{section*.19}{Figure legends}{}% 19
\BOOKMARK [1][-]{section*.20}{Fitting routine for extracting the resonance frequency}{}% 20
\BOOKMARK [1][-]{section*.21}{Extraction of parameters from microwave measurements}{}% 21
\BOOKMARK [1][-]{section*.22}{Feasibility of a Graphene JJ transmon qubit}{}% 22
\BOOKMARK [1][-]{section*.23}{Design scenario A \205 Measured graphene junction in fixed frequency transmon}{}% 23
\BOOKMARK [1][-]{section*.24}{Design Scenario B \205 Adjusted width graphene junction in fixed frequency and anharmonicity transmon}{}% 24
\BOOKMARK [1][-]{section*.25}{Hysteresis of the junction switching current}{}% 25
\BOOKMARK [1][-]{section*.26}{Simulation of sub-gap density of states}{}% 26
\BOOKMARK [2][-]{section*.27}{SUPPLEMENTARY REFERENCES}{section*.26}% 27
